  adding: .DS_Store (deflated 97%)
  adding: amplify.yml (deflated 42%)
  adding: README.md (deflated 50%)
  adding: public/ (stored 0%)
  adding: public/favicon.ico (deflated 11%)
  adding: public/index.html (deflated 54%)
  adding: public/manifest.json (deflated 50%)
  adding: public/robots.txt (deflated 10%)
  adding: .gitignore (deflated 53%)
  adding: package-lock.json (deflated 77%)
  adding: package.json (deflated 61%)
  adding: src/ (stored 0%)
  adding: src/reportWebVitals.js (deflated 51%)
  adding: src/aws-exports.js (deflated 56%)
  adding: src/App.css (deflated 45%)
  adding: src/index.js (deflated 44%)
  adding: src/index.css (deflated 34%)
  adding: src/Components/ (stored 0%)
  adding: src/Components/ReferenceImage.js (deflated 67%)
  adding: src/Components/FaceLiveness.js (deflated 66%)
  adding: src/App.test.js (deflated 31%)
  adding: src/setupTests.js (deflated 29%)
  adding: src/logo.svg (deflated 52%)
  adding: src/App.js (deflated 64%)
  adding: zip.log